Removed Pin From Net: NetName=VCC Pin=L11-1
Removed Pin From Net: NetName=+5 Pin=L21-1
Change Component Footprint: Designator=L11 Old Footprint=IND_EPCOS_B82477P4_EPC New Footprint=BOURNS SRR1280
Change Component Footprint: Designator=L21 Old Footprint=IND_EPCOS_B82477P4_EPC New Footprint=BOURNS SRR1280
Change Component Comment : Designator=L11 Old Comment=B82477P4334M000 New Comment=330 µH
Change Component Comment : Designator=L21 Old Comment=B82477P4334M000 New Comment=330 µH
Change component parameters: Designator = "L11" ("L11"); Footprint = "IND_EPCOS_B82477P4_EPC"; UniqueID = "\VQZWHMXK" ("\VQZWHMXK")
Change component parameters (AddParameter): Name = "ComponentLink1Description"; Value = "Datasheet"; VariantName = "[No Variations]"
Change component parameters (AddParameter): Name = "ComponentLink1URL"; Value = "https://www.bourns.com/docs/Product-Datasheets/SRR1280.pdf"; VariantName = "[No Variations]"
Change component parameters (AddParameter): Name = "ComponentLink2Description"; Value = "DigiKey Link"; VariantName = "[No Variations]"
Change component parameters (AddParameter): Name = "ComponentLink2URL"; Value = "https://www.digikey.com/en/products/detail/bourns-inc/SRR1280-331K/1970010"; VariantName = "[No Variations]"
Change component parameters (AddParameter): Name = "Current - Saturation"; Value = "1.4A"; VariantName = "[No Variations]"
Change component parameters (AddParameter): Name = "Current Rating (Amps)"; Value = "1.1 A"; VariantName = "[No Variations]"
Change component parameters (AddParameter): Name = "DC Resistance (DCR)"; Value = "600mOhm Max"; VariantName = "[No Variations]"
Change component parameters (AddParameter): Name = "Device Package"; Value = "Nonstandard"; VariantName = "[No Variations]"
Change component parameters (AddParameter): Name = "Frequency - Self Resonant"; Value = "2.9MHz"; VariantName = "[No Variations]"
Change component parameters (AddParameter): Name = "Height - Seated (Max)"; Value = "0.315" (8.00mm)"; VariantName = "[No Variations]"
Change component parameters (AddParameter): Name = "Inductance"; Value = "330 µH"; VariantName = "[No Variations]"
Change component parameters (AddParameter): Name = "Inductance Frequency - Test"; Value = "100 kHz"; VariantName = "[No Variations]"
Change component parameters (AddParameter): Name = "LastUpdated"; Value = "6/3/2024 20:02:37"; VariantName = "[No Variations]"
Change component parameters (AddParameter): Name = "Lifecycle Status"; Value = "Active"; VariantName = "[No Variations]"
Change component parameters (AddParameter): Name = "Manufacturer"; Value = "Bourns Inc."; VariantName = "[No Variations]"
Change component parameters (AddParameter): Name = "Material - Core"; Value = "Ferrite"; VariantName = "[No Variations]"
Change component parameters (AddParameter): Name = "Minimum Order"; Value = "1"; VariantName = "[No Variations]"
Change component parameters (AddParameter): Name = "Mounting Type"; Value = "Surface Mount"; VariantName = "[No Variations]"
Change component parameters (AddParameter): Name = "Operating Temperature"; Value = "-40°C ~ 125°C"; VariantName = "[No Variations]"
Change component parameters (AddParameter): Name = "Package / Case"; Value = "Nonstandard"; VariantName = "[No Variations]"
Change component parameters (AddParameter): Name = "Packaging"; Value = "TapeAndReel"; VariantName = "[No Variations]"
Change component parameters (AddParameter): Name = "Part Number"; Value = "SRR1280-331K"; VariantName = "[No Variations]"
Change component parameters (AddParameter): Name = "Part Status"; Value = "Active"; VariantName = "[No Variations]"
Change component parameters (AddParameter): Name = "PartId"; Value = "35"; VariantName = "[No Variations]"
Change component parameters (AddParameter): Name = "Price"; Value = "0.51"; VariantName = "[No Variations]"
Change component parameters (AddParameter): Name = "Q @ Freq"; Value = "18 @ 796kHz"; VariantName = "[No Variations]"
Change component parameters (AddParameter): Name = "Series"; Value = "SRR1280"; VariantName = "[No Variations]"
Change component parameters (AddParameter): Name = "Shielding"; Value = "Shielded"; VariantName = "[No Variations]"
Change component parameters (AddParameter): Name = "Size / Dimension"; Value = "0.492" L x 0.492" W (12.50mm x 12.50mm)"; VariantName = "[No Variations]"
Change component parameters (AddParameter): Name = "Supplier 1"; Value = "DigiKey"; VariantName = "[No Variations]"
Change component parameters (AddParameter): Name = "Supplier Part Number 1"; Value = "SRR1280-331KLCT-ND"; VariantName = "[No Variations]"
Change component parameters (AddParameter): Name = "Tolerance"; Value = "±10%"; VariantName = "[No Variations]"
Change component parameters (AddParameter): Name = "Type"; Value = "Drum Core, Wirewound"; VariantName = "[No Variations]"
Change component parameters (AddParameter): Name = "Value"; Value = "330 µH"; VariantName = "[No Variations]"
Change component parameters: Designator = "L21" ("L21"); Footprint = "IND_EPCOS_B82477P4_EPC"; UniqueID = "\OSXJYUAA" ("\OSXJYUAA")
Change component parameters (AddParameter): Name = "ComponentLink1Description"; Value = "Datasheet"; VariantName = "[No Variations]"
Change component parameters (AddParameter): Name = "ComponentLink1URL"; Value = "https://www.bourns.com/docs/Product-Datasheets/SRR1280.pdf"; VariantName = "[No Variations]"
Change component parameters (AddParameter): Name = "ComponentLink2Description"; Value = "DigiKey Link"; VariantName = "[No Variations]"
Change component parameters (AddParameter): Name = "ComponentLink2URL"; Value = "https://www.digikey.com/en/products/detail/bourns-inc/SRR1280-331K/1970010"; VariantName = "[No Variations]"
Change component parameters (AddParameter): Name = "Current - Saturation"; Value = "1.4A"; VariantName = "[No Variations]"
Change component parameters (AddParameter): Name = "Current Rating (Amps)"; Value = "1.1 A"; VariantName = "[No Variations]"
Change component parameters (AddParameter): Name = "DC Resistance (DCR)"; Value = "600mOhm Max"; VariantName = "[No Variations]"
Change component parameters (AddParameter): Name = "Device Package"; Value = "Nonstandard"; VariantName = "[No Variations]"
Change component parameters (AddParameter): Name = "Frequency - Self Resonant"; Value = "2.9MHz"; VariantName = "[No Variations]"
Change component parameters (AddParameter): Name = "Height - Seated (Max)"; Value = "0.315" (8.00mm)"; VariantName = "[No Variations]"
Change component parameters (AddParameter): Name = "Inductance"; Value = "330 µH"; VariantName = "[No Variations]"
Change component parameters (AddParameter): Name = "Inductance Frequency - Test"; Value = "100 kHz"; VariantName = "[No Variations]"
Change component parameters (AddParameter): Name = "LastUpdated"; Value = "6/3/2024 20:02:37"; VariantName = "[No Variations]"
Change component parameters (AddParameter): Name = "Lifecycle Status"; Value = "Active"; VariantName = "[No Variations]"
Change component parameters (AddParameter): Name = "Manufacturer"; Value = "Bourns Inc."; VariantName = "[No Variations]"
Change component parameters (AddParameter): Name = "Material - Core"; Value = "Ferrite"; VariantName = "[No Variations]"
Change component parameters (AddParameter): Name = "Minimum Order"; Value = "1"; VariantName = "[No Variations]"
Change component parameters (AddParameter): Name = "Mounting Type"; Value = "Surface Mount"; VariantName = "[No Variations]"
Change component parameters (AddParameter): Name = "Operating Temperature"; Value = "-40°C ~ 125°C"; VariantName = "[No Variations]"
Change component parameters (AddParameter): Name = "Package / Case"; Value = "Nonstandard"; VariantName = "[No Variations]"
Change component parameters (AddParameter): Name = "Packaging"; Value = "TapeAndReel"; VariantName = "[No Variations]"
Change component parameters (AddParameter): Name = "Part Number"; Value = "SRR1280-331K"; VariantName = "[No Variations]"
Change component parameters (AddParameter): Name = "Part Status"; Value = "Active"; VariantName = "[No Variations]"
Change component parameters (AddParameter): Name = "PartId"; Value = "35"; VariantName = "[No Variations]"
Change component parameters (AddParameter): Name = "Price"; Value = "0.51"; VariantName = "[No Variations]"
Change component parameters (AddParameter): Name = "Q @ Freq"; Value = "18 @ 796kHz"; VariantName = "[No Variations]"
Change component parameters (AddParameter): Name = "Series"; Value = "SRR1280"; VariantName = "[No Variations]"
Change component parameters (AddParameter): Name = "Shielding"; Value = "Shielded"; VariantName = "[No Variations]"
Change component parameters (AddParameter): Name = "Size / Dimension"; Value = "0.492" L x 0.492" W (12.50mm x 12.50mm)"; VariantName = "[No Variations]"
Change component parameters (AddParameter): Name = "Supplier 1"; Value = "DigiKey"; VariantName = "[No Variations]"
Change component parameters (AddParameter): Name = "Supplier Part Number 1"; Value = "SRR1280-331KLCT-ND"; VariantName = "[No Variations]"
Change component parameters (AddParameter): Name = "Tolerance"; Value = "±10%"; VariantName = "[No Variations]"
Change component parameters (AddParameter): Name = "Type"; Value = "Drum Core, Wirewound"; VariantName = "[No Variations]"
Change component parameters (AddParameter): Name = "Value"; Value = "330 µH"; VariantName = "[No Variations]"
Added Pin To Net: NetName=VCC Pin=L11-2
Added Pin To Net: NetName=+5 Pin=L21-2
Added Pin To Net: NetName=NetL11_1 Pin=L11-1
Added Pin To Net: NetName=NetL11_1 Pin=U11-2
Added Pin To Net: NetName=NetL11_1 Pin=U31-1
Added Net: Name=NetL11_1
Added Pin To Net: NetName=NetL21_1 Pin=L21-1
Added Pin To Net: NetName=NetL21_1 Pin=U21-2
Added Pin To Net: NetName=NetL21_1 Pin=U41-1
Added Net: Name=NetL21_1
