Removed Pin From Net: NetName=+5 Pin=C13-2
Removed Pin From Net: NetName=+5 Pin=C16-2
Removed Pin From Net: NetName=+5 Pin=C17-2
Removed Pin From Net: NetName=+5 Pin=C26-2
Removed Pin From Net: NetName=+5 Pin=C36-2
Removed Pin From Net: NetName=+5 Pin=C41-1
Removed Pin From Net: NetName=+5 Pin=C46-2
Removed Pin From Net: NetName=+5 Pin=C56-2
Removed Pin From Net: NetName=+5 Pin=C66-2
Removed Pin From Net: NetName=+5 Pin=J18-3
Removed Pin From Net: NetName=+5 Pin=J18-9
Removed Pin From Net: NetName=NetC152_2 Pin=J18-12
Removed Pin From Net: NetName=+5 Pin=L21-1
Removed Pin From Net: NetName=+5 Pin=LCD14-2
Removed Pin From Net: NetName=+5 Pin=LCD14-19
Removed Pin From Net: NetName=+5 Pin=Q15-3
Removed Pin From Net: NetName=+5 Pin=R14-1
Removed Pin From Net: NetName=+5 Pin=R16-2
Removed Pin From Net: NetName=+5 Pin=R26-2
Removed Pin From Net: NetName=+5 Pin=R36-2
Removed Pin From Net: NetName=+5 Pin=U13-3
Removed Pin From Net: NetName=+5 Pin=U16-2
Removed Pin From Net: NetName=+5 Pin=U17-4
Removed Pin From Net: NetName=+5 Pin=U21-4
Removed Pin From Net: NetName=+5 Pin=U26-2
Removed Pin From Net: NetName=+5 Pin=U36-2
Change Net Name : Old Net Name=+5 New Net Name=GND
Added Pin To Net: NetName=NetJ18_12 Pin=J18-12
Added Pin To Net: NetName=NetJ18_12 Pin=R302-1
Added Net: Name=NetJ18_12
