Added Pin To Net: NetName=+5 Pin=C13-2
Added Pin To Net: NetName=+5 Pin=C16-2
Added Pin To Net: NetName=+5 Pin=C17-2
Added Pin To Net: NetName=+5 Pin=C26-2
Added Pin To Net: NetName=+5 Pin=C27-1
Added Pin To Net: NetName=+5 Pin=C36-2
Added Pin To Net: NetName=+5 Pin=C41-1
Added Pin To Net: NetName=+5 Pin=C46-2
Added Pin To Net: NetName=+5 Pin=C56-2
Added Pin To Net: NetName=+5 Pin=C66-2
Added Pin To Net: NetName=+5 Pin=J18-3
Added Pin To Net: NetName=+5 Pin=J18-9
Added Pin To Net: NetName=+5 Pin=L21-1
Added Pin To Net: NetName=+5 Pin=LCD14-2
Added Pin To Net: NetName=+5 Pin=LCD14-19
Added Pin To Net: NetName=+5 Pin=Q15-3
Added Pin To Net: NetName=+5 Pin=R14-1
Added Pin To Net: NetName=+5 Pin=R16-2
Added Pin To Net: NetName=+5 Pin=R26-2
Added Pin To Net: NetName=+5 Pin=R36-2
Added Pin To Net: NetName=+5 Pin=U13-3
Added Pin To Net: NetName=+5 Pin=U16-2
Added Pin To Net: NetName=+5 Pin=U17-4
Added Pin To Net: NetName=+5 Pin=U21-4
Added Pin To Net: NetName=+5 Pin=U26-2
Added Pin To Net: NetName=+5 Pin=U27-4
Added Pin To Net: NetName=+5 Pin=U36-2
Added Net: Name=+5
