FILE_TYPE=LIBRARY_PARTS;
PRIMITIVE 'B3WN_6002','B3WN_6002_Other';
  PIN
    'COM':
      PIN_NUMBER='(1)';
      NO_LOAD_CHECK=BOTH;
      NO_IO_CHECK=BOTH;
      ALLOW_CONNECT=TRUE;
      PINUSE='UNSPEC';
    'NO':
      PIN_NUMBER='(2)';
      NO_LOAD_CHECK=BOTH;
      NO_IO_CHECK=BOTH;
      ALLOW_CONNECT=TRUE;
      PINUSE='UNSPEC';
  END_PIN;
  BODY
    PART_NAME='B3WN_6002';
    PHYS_DES_PREFIX='S';
    NO_LOAD_CHECK='TRUE';
    PIN_COUNT='2';
    BODY_NAME='B3WN_6002';
    JEDEC_TYPE='B3WN6002';
  END_BODY;
END_PRIMITIVE;
END.
